Parameters are ....
LLX = 2
LLY = 3
IsPeriodicX = 1
IsPeriodicY = 1
Nstates = 100
tolerance = 1e-07
Dof = SpinHalf
Geometry = Honeycomb
Model = Kitaev
Kxx = 1.0
Kyy = 1.0
Kzz = 3.0
Bxx = 0.1
Byy = 0.1
Bzz = 0.1
threeSpin = 0.0
----------------- End of Parameters -----------------

[Lattice.py] building Honeycomb lattice...


0	-1	-1	-1	-1	-1	

-1	1	2	-1	-1	-1	

6	-1	-1	3	4	-1	

-1	7	8	-1	-1	5	

-1	-1	-1	9	10	-1	

-1	-1	-1	-1	-1	11	

-1	-1	-1	-1	-1	-1	


[Lattice.py] Looking for nearest neighbors...


1	7	5	

0	6	2	

3	9	1	

2	8	4	

5	11	3	

4	10	0	

7	1	11	

6	0	8	

9	3	7	

8	2	10	

11	5	9	

10	4	6	


Map: # -> (r1,r2)


0.0	0.0	

0.3333333333333333	0.3333333333333333	

1.0	0.0	

1.3333333333333333	0.3333333333333333	

2.0	0.0	

2.3333333333333335	0.3333333333333333	

0.0	1.0	

0.3333333333333333	1.3333333333333333	

1.0	1.0	

1.3333333333333333	1.3333333333333333	

2.0	1.0	

2.3333333333333335	1.3333333333333333	


KxxGraph_:


0.0	1.0	0.0	0.0	0.0	0.0	0.0	0.0	0.0	0.0	0.0	0.0	

1.0	0.0	0.0	0.0	0.0	0.0	0.0	0.0	0.0	0.0	0.0	0.0	

0.0	0.0	0.0	1.0	0.0	0.0	0.0	0.0	0.0	0.0	0.0	0.0	

0.0	0.0	1.0	0.0	0.0	0.0	0.0	0.0	0.0	0.0	0.0	0.0	

0.0	0.0	0.0	0.0	0.0	1.0	0.0	0.0	0.0	0.0	0.0	0.0	

0.0	0.0	0.0	0.0	1.0	0.0	0.0	0.0	0.0	0.0	0.0	0.0	

0.0	0.0	0.0	0.0	0.0	0.0	0.0	1.0	0.0	0.0	0.0	0.0	

0.0	0.0	0.0	0.0	0.0	0.0	1.0	0.0	0.0	0.0	0.0	0.0	

0.0	0.0	0.0	0.0	0.0	0.0	0.0	0.0	0.0	1.0	0.0	0.0	

0.0	0.0	0.0	0.0	0.0	0.0	0.0	0.0	1.0	0.0	0.0	0.0	

0.0	0.0	0.0	0.0	0.0	0.0	0.0	0.0	0.0	0.0	0.0	1.0	

0.0	0.0	0.0	0.0	0.0	0.0	0.0	0.0	0.0	0.0	1.0	0.0	


KyyGraph_:


0.0	0.0	0.0	0.0	0.0	0.0	0.0	1.0	0.0	0.0	0.0	0.0	

0.0	0.0	0.0	0.0	0.0	0.0	1.0	0.0	0.0	0.0	0.0	0.0	

0.0	0.0	0.0	0.0	0.0	0.0	0.0	0.0	0.0	1.0	0.0	0.0	

0.0	0.0	0.0	0.0	0.0	0.0	0.0	0.0	1.0	0.0	0.0	0.0	

0.0	0.0	0.0	0.0	0.0	0.0	0.0	0.0	0.0	0.0	0.0	1.0	

0.0	0.0	0.0	0.0	0.0	0.0	0.0	0.0	0.0	0.0	1.0	0.0	

0.0	1.0	0.0	0.0	0.0	0.0	0.0	0.0	0.0	0.0	0.0	0.0	

1.0	0.0	0.0	0.0	0.0	0.0	0.0	0.0	0.0	0.0	0.0	0.0	

0.0	0.0	0.0	1.0	0.0	0.0	0.0	0.0	0.0	0.0	0.0	0.0	

0.0	0.0	1.0	0.0	0.0	0.0	0.0	0.0	0.0	0.0	0.0	0.0	

0.0	0.0	0.0	0.0	0.0	1.0	0.0	0.0	0.0	0.0	0.0	0.0	

0.0	0.0	0.0	0.0	1.0	0.0	0.0	0.0	0.0	0.0	0.0	0.0	


KzzGraph_:


0.0	0.0	0.0	0.0	0.0	3.0	0.0	0.0	0.0	0.0	0.0	0.0	

0.0	0.0	3.0	0.0	0.0	0.0	0.0	0.0	0.0	0.0	0.0	0.0	

0.0	3.0	0.0	0.0	0.0	0.0	0.0	0.0	0.0	0.0	0.0	0.0	

0.0	0.0	0.0	0.0	3.0	0.0	0.0	0.0	0.0	0.0	0.0	0.0	

0.0	0.0	0.0	3.0	0.0	0.0	0.0	0.0	0.0	0.0	0.0	0.0	

3.0	0.0	0.0	0.0	0.0	0.0	0.0	0.0	0.0	0.0	0.0	0.0	

0.0	0.0	0.0	0.0	0.0	0.0	0.0	0.0	0.0	0.0	0.0	3.0	

0.0	0.0	0.0	0.0	0.0	0.0	0.0	0.0	3.0	0.0	0.0	0.0	

0.0	0.0	0.0	0.0	0.0	0.0	0.0	3.0	0.0	0.0	0.0	0.0	

0.0	0.0	0.0	0.0	0.0	0.0	0.0	0.0	0.0	0.0	3.0	0.0	

0.0	0.0	0.0	0.0	0.0	0.0	0.0	0.0	0.0	3.0	0.0	0.0	

0.0	0.0	0.0	0.0	0.0	0.0	3.0	0.0	0.0	0.0	0.0	0.0	

[Hamiltonian.py] Building Hamiltonian as Sparse Matrix...
Adding Magnetic Field at site 0
Adding Magnetic Field at site 1
Adding Magnetic Field at site 2
Adding Magnetic Field at site 3
Adding Magnetic Field at site 4
Adding Magnetic Field at site 5
Adding Magnetic Field at site 6
Adding Magnetic Field at site 7
Adding Magnetic Field at site 8
Adding Magnetic Field at site 9
Adding Magnetic Field at site 10
Adding Magnetic Field at site 11
Hamiltonian construction time = 0.1094 sec

-----------Beg of Eigen Values-----------

-4.8263123338
-4.8250468827
-4.8250468827
-4.8248035712
-4.824281905
-4.8212216226
-4.8204910637
-4.8178085873
-4.8178085873
-4.8156072209
-4.8156072209
-4.8125681003
-4.8125681003
-4.8124319906
-4.8124319906
-4.8027875128
-4.7899687985
-4.7899687985
-4.7891348899
-4.7891348898
-4.7866971457
-4.7842680955
-4.7842680955
-4.7842225564
-4.7840263193
-4.7839569083
-4.7825856059
-4.7824775522
-4.7824775522
-4.7824651732
-4.7818024934
-4.7806498978
-4.7806498978
-4.7793583848
-4.7793164737
-4.7793164737
-4.7789935041
-4.7775007318
-4.7773398061
-4.7773398061
-4.7762241397
-4.7762241397
-4.7726098357
-4.7696856479
-4.7679273413
-4.7679273413
-4.7668909857
-4.7668909857
-4.7570617702
-4.7523513935
-4.7523513935
-4.7521185266
-4.7521185266
-4.7508649754
-4.7508649754
-4.7506617326
-4.7506617326
-4.748718909
-4.7459875776
-4.7442954702
-4.7432123771
-4.7420377559
-4.7420377559
-4.7331459823
-4.2070002669
-4.0537072418
-4.0529994498
-4.0529994498
-4.0473937955
-4.0473937955
-4.0471066364
-4.0471066364
-4.0467721185
-4.0463606661
-4.0441232445
-4.0433032709
-4.0433032709
-4.0102003329
-4.0084147474
-4.0084147474
-4.0065776809
-4.0065776809
-3.993835334
-3.993835334
-3.9913355523
-3.9895086625
-3.9815528999
-3.9815528999
-3.977932762
-3.9626753533
-3.9607780602
-3.9607780602
-3.960095699
-3.95676372
-3.95676372
-3.9556505166
-3.9556505166
-3.9535664277
-3.9476695749
-3.9476695749

-----------End of Eigen Values-----------
Diagonalization time = 6.9665 sec 



HDF5 time = 0.0295 sec
